2025-11-12 20:15:49,463 - INFO - Start processing ac data with 12 workers
2025-11-12 20:15:50,288 - INFO - Finished processing all rate data
2025-11-12 20:15:50,303 - INFO - Start processing ac for Anthrax
2025-11-12 20:15:50,340 - INFO - Finished processing all rate data
2025-11-12 20:15:50,354 - INFO - Start processing ac for Botulism
2025-11-12 20:15:50,372 - INFO - Finished processing all rate data
2025-11-12 20:15:50,374 - INFO - Finished processing all rate data
2025-11-12 20:15:50,384 - INFO - Start processing ac for Chancroid
2025-11-12 20:15:50,387 - INFO - Finished processing all rate data
2025-11-12 20:15:50,394 - INFO - Start processing ac for Chikungunya
2025-11-12 20:15:50,402 - INFO - Start processing ac for Condyloma Acuminata
2025-11-12 20:15:50,407 - INFO - Finished processing all rate data
2025-11-12 20:15:50,410 - INFO - Finished processing all rate data
2025-11-12 20:15:50,421 - INFO - Start processing ac for D.H.F.shock syndrome
2025-11-12 20:15:50,423 - INFO - Finished processing all rate data
2025-11-12 20:15:50,425 - INFO - Start processing ac for DHF Total
2025-11-12 20:15:50,426 - INFO - No files for DHF Total with prefix ac_
2025-11-12 20:15:50,426 - INFO - Start processing ac for Diphtheria
2025-11-12 20:15:50,434 - INFO - Start processing ac for Dysentery,Amoebic
2025-11-12 20:15:50,463 - INFO - Finished processing all rate data
2025-11-12 20:15:50,464 - INFO - Finished processing all rate data
2025-11-12 20:15:50,466 - INFO - Finished processing all rate data
2025-11-12 20:15:50,466 - INFO - Finished processing all rate data
2025-11-12 20:15:50,477 - INFO - Start processing ac for Encephalitis Total
2025-11-12 20:15:50,477 - INFO - No files for Encephalitis Total with prefix ac_
2025-11-12 20:15:50,478 - INFO - Start processing ac for Encephalitis uns
2025-11-12 20:15:50,478 - INFO - Start processing ac for Enterovirus Fever
2025-11-12 20:15:50,478 - INFO - Start processing ac for Filariasis
2025-11-12 20:15:50,479 - INFO - Start processing ac for Genital Herpes Simplex
2025-11-12 20:15:52,346 - INFO - Finished processing all rate data
2025-11-12 20:15:52,360 - INFO - Start processing ac for Gonorrhoea
2025-11-12 20:15:52,379 - INFO - Finished processing all rate data
2025-11-12 20:15:52,381 - INFO - Finished processing all rate data
2025-11-12 20:15:52,395 - INFO - Start processing ac for HepatitisB
2025-11-12 20:15:52,395 - INFO - Start processing ac for HepatitisD
2025-11-12 20:15:52,424 - INFO - Finished processing all rate data
2025-11-12 20:15:52,437 - INFO - Start processing ac for Hepatitis_uns
2025-11-12 20:15:52,468 - INFO - Finished processing all rate data
2025-11-12 20:15:52,474 - INFO - Finished processing all rate data
2025-11-12 20:15:52,481 - INFO - Start processing ac for Influenza
2025-11-12 20:15:52,487 - INFO - Start processing ac for Kala azar
2025-11-12 20:15:52,489 - INFO - Finished processing all rate data
2025-11-12 20:15:52,490 - INFO - Finished processing all rate data
2025-11-12 20:15:52,491 - INFO - Finished processing all rate data
2025-11-12 20:15:52,498 - INFO - Finished processing all rate data
2025-11-12 20:15:52,503 - INFO - Start processing ac for Leprosy
2025-11-12 20:15:52,503 - INFO - Start processing ac for Liver fluke
2025-11-12 20:15:52,504 - INFO - Finished processing all rate data
2025-11-12 20:15:52,506 - INFO - Start processing ac for Measles
2025-11-12 20:15:52,507 - INFO - Finished processing all rate data
2025-11-12 20:15:52,509 - INFO - Start processing ac for Measles Total
2025-11-12 20:15:52,510 - INFO - No files for Measles Total with prefix ac_
2025-11-12 20:15:52,510 - INFO - Start processing ac for Melioidosis
2025-11-12 20:15:52,516 - INFO - Start processing ac for Meningitis,uns
2025-11-12 20:15:52,517 - INFO - Start processing ac for Mumps
2025-11-12 20:15:53,485 - INFO - Finished processing ac for Hepatitis_uns
2025-11-12 20:15:53,485 - INFO - Start processing ac for HFM
2025-11-12 20:15:55,467 - INFO - Finished processing all rate data
2025-11-12 20:15:55,481 - INFO - Start processing ac for N.S.U._V
2025-11-12 20:15:55,488 - INFO - Finished processing all rate data
2025-11-12 20:15:55,497 - INFO - Finished processing all rate data
2025-11-12 20:15:55,503 - INFO - Start processing ac for Paratyphoid
2025-11-12 20:15:55,513 - INFO - Finished processing all rate data
2025-11-12 20:15:55,514 - INFO - Start processing ac for Pertussis
2025-11-12 20:15:55,525 - INFO - Start processing ac for Poliomyelitis
2025-11-12 20:15:55,551 - INFO - Finished processing all rate data
2025-11-12 20:15:55,556 - INFO - Finished processing all rate data
2025-11-12 20:15:55,560 - INFO - Finished processing all rate data
2025-11-12 20:15:55,562 - INFO - Start processing ac for Rabies
2025-11-12 20:15:55,565 - INFO - Finished processing all rate data
2025-11-12 20:15:55,571 - INFO - Start processing ac for Scarlet fever
2025-11-12 20:15:55,572 - INFO - Start processing ac for STI Total
2025-11-12 20:15:55,573 - INFO - No files for STI Total with prefix ac_
2025-11-12 20:15:55,573 - INFO - Start processing ac for Streptococcus suis
2025-11-12 20:15:55,574 - INFO - Finished processing all rate data
2025-11-12 20:15:55,578 - INFO - Start processing ac for Syphilis
2025-11-12 20:15:55,587 - INFO - Start processing ac for T.B.meningitis
2025-11-12 20:15:55,589 - INFO - Finished processing all rate data
2025-11-12 20:15:55,593 - INFO - Finished processing all rate data
2025-11-12 20:15:55,595 - INFO - Finished processing all rate data
2025-11-12 20:15:55,601 - INFO - Start processing ac for Tetanus exc.Neo
2025-11-12 20:15:55,604 - INFO - Start processing ac for Trichinosis
2025-11-12 20:15:55,607 - INFO - Start processing ac for Vaginal trichomoniasis
